  Protocal.cpp
c:\users\happy\onedrive\문서\visual studio 2015\projects\프로그래머스 코딩 연습\chatting_client\chatting_client\protocal.h(20): warning C4091: 'typedef ': 변수를 선언하지 않으면 'Packet' 왼쪽은 무시됩니다.
c:\users\happy\onedrive\문서\visual studio 2015\projects\프로그래머스 코딩 연습\chatting_client\chatting_client\protocal.h(25): warning C4091: 'typedef ': 변수를 선언하지 않으면 'Login' 왼쪽은 무시됩니다.
c:\users\happy\onedrive\문서\visual studio 2015\projects\프로그래머스 코딩 연습\chatting_client\chatting_client\protocal.h(31): warning C4091: 'typedef ': 변수를 선언하지 않으면 'StrData' 왼쪽은 무시됩니다.
c:\users\happy\onedrive\문서\visual studio 2015\projects\프로그래머스 코딩 연습\chatting_client\chatting_client\protocal.h(44): warning C4091: 'typedef ': 변수를 선언하지 않으면 'ChatStrData' 왼쪽은 무시됩니다.
  코드를 생성하고 있습니다...
  컴파일하고 있습니다...
  chatting_client.cpp
c:\users\happy\onedrive\문서\visual studio 2015\projects\프로그래머스 코딩 연습\chatting_client\chatting_client\protocal.h(20): warning C4091: 'typedef ': 변수를 선언하지 않으면 'Packet' 왼쪽은 무시됩니다.
c:\users\happy\onedrive\문서\visual studio 2015\projects\프로그래머스 코딩 연습\chatting_client\chatting_client\protocal.h(25): warning C4091: 'typedef ': 변수를 선언하지 않으면 'Login' 왼쪽은 무시됩니다.
c:\users\happy\onedrive\문서\visual studio 2015\projects\프로그래머스 코딩 연습\chatting_client\chatting_client\protocal.h(31): warning C4091: 'typedef ': 변수를 선언하지 않으면 'StrData' 왼쪽은 무시됩니다.
c:\users\happy\onedrive\문서\visual studio 2015\projects\프로그래머스 코딩 연습\chatting_client\chatting_client\protocal.h(44): warning C4091: 'typedef ': 변수를 선언하지 않으면 'ChatStrData' 왼쪽은 무시됩니다.
c:\users\happy\onedrive\문서\visual studio 2015\projects\프로그래머스 코딩 연습\chatting_client\chatting_client\chatting_client.cpp(161): warning C4101: 'retval' :참조되지 않은 지역 변수입니다.
c:\users\happy\onedrive\문서\visual studio 2015\projects\프로그래머스 코딩 연습\chatting_client\chatting_client\chatting_client.cpp(297): warning C4996: 'WSAAsyncSelect': Use WSAEventSelect() instead or define _WINSOCK_DEPRECATED_NO_WARNINGS to disable deprecated API warnings
  c:\program files (x86)\windows kits\8.1\include\um\winsock2.h(2699): note: 'WSAAsyncSelect' 선언을 참조하십시오.
c:\users\happy\onedrive\문서\visual studio 2015\projects\프로그래머스 코딩 연습\chatting_client\chatting_client\chatting_client.cpp(328): warning C4996: 'inet_ntoa': Use inet_ntop() or InetNtop() instead or define _WINSOCK_DEPRECATED_NO_WARNINGS to disable deprecated API warnings
  c:\program files (x86)\windows kits\8.1\include\um\winsock2.h(1868): note: 'inet_ntoa' 선언을 참조하십시오.
c:\users\happy\onedrive\문서\visual studio 2015\projects\프로그래머스 코딩 연습\chatting_client\chatting_client\chatting_client.cpp(357): warning C4996: 'WSAAsyncSelect': Use WSAEventSelect() instead or define _WINSOCK_DEPRECATED_NO_WARNINGS to disable deprecated API warnings
  c:\program files (x86)\windows kits\8.1\include\um\winsock2.h(2699): note: 'WSAAsyncSelect' 선언을 참조하십시오.
c:\users\happy\onedrive\문서\visual studio 2015\projects\프로그래머스 코딩 연습\chatting_client\chatting_client\chatting_client.cpp(363): warning C4996: 'inet_addr': Use inet_pton() or InetPton() instead or define _WINSOCK_DEPRECATED_NO_WARNINGS to disable deprecated API warnings
  c:\program files (x86)\windows kits\8.1\include\um\winsock2.h(1850): note: 'inet_addr' 선언을 참조하십시오.
  코드를 생성하고 있습니다...
  chatting_client.vcxproj -> C:\Users\happy\OneDrive\문서\Visual Studio 2015\Projects\프로그래머스 코딩 연습\chatting_client\Debug\chatting_client.exe
  chatting_client.vcxproj -> C:\Users\happy\OneDrive\문서\Visual Studio 2015\Projects\프로그래머스 코딩 연습\chatting_client\Debug\chatting_client.pdb (Full PDB)
